1518953282500	geckodriver	INFO	geckodriver 0.19.1
1518953282523	geckodriver	INFO	Listening on 127.0.0.1:57551
1518953285729	mozrunner::runner	INFO	Running command: "C:\\Program Files (x86)\\Mozilla Firefox\\firefox.exe" "-marionette" "-profile" "C:\\Users\\MIKAEL~1\\AppData\\Local\\Temp\\rust_mozprofile.Glsrjf4jGfms"
1518953286409	addons.xpi	WARN	Error parsing extensions state: [Exception... "Component returned failure code: 0x80520012 (NS_ERROR_FILE_NOT_FOUND) [amIAddonManagerStartup.readStartupData]"  nsresult: "0x80520012 (NS_ERROR_FILE_NOT_FOUND)"  location: "JS frame :: resource://gre/modules/addons/XPIProvider.jsm :: loadExtensionState :: line 1554"  data: no] Stack trace: loadExtensionState()@resource://gre/modules/addons/XPIProvider.jsm:1554 < getInstallState()@resource://gre/modules/addons/XPIProvider.jsm:1589 < checkForChanges()@resource://gre/modules/addons/XPIProvider.jsm:3109 < startup()@resource://gre/modules/addons/XPIProvider.jsm:2188 < callProvider()@resource://gre/modules/AddonManager.jsm:269 < _startProvider()@resource://gre/modules/AddonManager.jsm:739 < startup()@resource://gre/modules/AddonManager.jsm:906 < startup()@resource://gre/modules/AddonManager.jsm:3090 < observe()@jar:file:///C:/Program%20Files%20(x86)/Mozilla%20Firefox/omni.ja!/components/addonManager.js:65
1518953287792	Marionette	INFO	Enabled via --marionette
[Child 14668] WARNING: pipe error: 109: file z:/build/build/src/ipc/chromium/src/chrome/common/ipc_channel_win.cc, line 346
[Child 14668] WARN1518953290093	Marionette	INFO	Listening on port 57560
1518953291076	Marionette	WARN	TLS certificate errors will be ignored for this session
1518953291156	Marionette	DEBUG	Register listener.js for window 4294967297
1518953374685	Marionette	DEBUG	Received DOM event "beforeunload" for "about:blank"
1518953375543	Marionette	DEBUG	Received DOM event "pagehide" for "about:blank"
1518953375544	Marionette	DEBUG	Received DOM event "unload" for "about:blank"
1518953377144	Marionette	DEBUG	Received DOM event "DOMContentLoaded" for "http://ins-news.com/en/100/952/2529/Merivaara-introduces-versatile-operating-table.htm"
1518953377609	Marionette	DEBUG	Received observer notification "outer-window-destroyed" for "4294967314"
1518953378401	Marionette	DEBUG	Received DOM event "pageshow" for "http://ins-news.com/en/100/952/2529/Merivaara-introduces-versatile-operating-table.htm"
1518953408618	Marionette	DEBUG	Received DOM event "beforeunload" for "http://ins-news.com/en/100/952/2529/Merivaara-introduces-versatile-operating-table.htm"
1518953409373	Marionette	DEBUG	Received DOM event "pagehide" for "http://ins-news.com/en/100/952/2529/Merivaara-introduces-versatile-operating-table.htm"
1518953409406	Marionette	DEBUG	Received DOM event "unload" for "http://ins-news.com/en/100/952/2529/Merivaara-introduces-versatile-operating-table.htm"
1518953409617	Marionette	DEBUG	Received observer notification "outer-window-destroyed" for "4294967319"
1518953409617	Marionette	DEBUG	Received observer notification "outer-window-destroyed" for "4294967301"
1518953409618	Marionette	DEBUG	Received observer notification "outer-window-destroyed" for "4294967303"
1518953409618	Marionette	DEBUG	Received observer notification "outer-window-destroyed" for "4294967308"
1518953409619	Marionette	DEBUG	Received observer notification "outer-window-destroyed" for "4294967309"
1518953409619	Marionette	DEBUG	Received observer notification "outer-window-destroyed" for "4294967316"
1518953409619	Marionette	DEBUG	Received observer notification "outer-window-destroyed" for "4294967307"
1518953409620	Marionette	DEBUG	Received observer notification "outer-window-destroyed" for "4294967324"
1518953409621	Marionette	DEBUG	Received observer notification "outer-window-destroyed" for "4294967327"
1518953410324	Marionette	DEBUG	Received DOM event "DOMContentLoaded" for "http://ins-news.com/en/100/952/2529/Merivaara-introduces-versatile-operating-table.htm"
1518953410574	Marionette	DEBUG	Received observer notification "outer-window-destroyed" for "4294967352"
1518953411454	Marionette	DEBUG	Received DOM event "pageshow" for "http://ins-news.com/en/100/952/2529/Merivaara-introduces-versatile-operating-table.htm"
[Child 14360] WARNING: pipe error: 109: file z:/build/build/src/ipc/chromium/src/chrome/common/ipc_channel_win.cc, line 346
[Child 14360] 
###!!! [Child][MessageChannel::SendAndWait] Error: Channel error: cannot send/recv

